   0  $accept : programa $end

   1  programa : bloque

   2  bloque : nombre_programa BEGIN sentencias END

   3  nombre_programa : ID

   4  sentencias : sentencias sentencia
   5             | sentencia

   6  sentencias_ejecutables : sentencias_ejecutables sentencia_ejecutable
   7                         | sentencia_ejecutable

   8  sentencia : declaracion_funcion
   9            | sentencia_ejecutable

  10  sentencia_ejecutable : declaracion_variables
  11                       | asignacion
  12                       | impresion
  13                       | iteracion
  14                       | seleccion
  15                       | error ';'

  16  declaracion_funcion : cabecera_funcion inicio_funcion cuerpo_funcion fin_funcion
  17                      | cabecera_funcion_parametro inicio_funcion cuerpo_funcion fin_funcion

  18  cabecera_funcion_parametro : tipo token_fun ID '(' tipo ID ')'
  19                             | error

  20  cabecera_funcion : tipo token_fun ID '(' ')'

  21  token_fun : FUN

  22  inicio_funcion : BEGIN

  23  cuerpo_funcion : sentencias retorno

  24  fin_funcion : END

  25  declaracion_variables : tipo variables ';'

  26  tipo : INTEGER
  27       | ULONGINT

  28  variables : variables ',' variable
  29            | variable

  30  variable : ID

  31  asignacion : ID ASIGNACION expresion ';'

  32  expresion : termino
  33            | expresion '+' termino
  34            | expresion '-' termino

  35  termino : factor
  36          | termino '*' factor
  37          | termino '/' factor

  38  factor : ID
  39         | NUMERIC_CONST
  40         | invocacion
  41         | '-' NUMERIC_CONST
  42         | ITOUL '(' expresion ')'

  43  invocacion : ID '(' parametros ')'
  44             | ID '(' ')'

  45  parametros : parametros ',' parametro
  46             | parametro

  47  parametro : ID
  48            | NUMERIC_CONST
  49            | '-' NUMERIC_CONST

  50  impresion : PRINT '(' STRING_CONST ')' ';'

  51  iteracion : inicio_while '(' condicion_while ')' DO bloque_ejecutables_while
  52            | inicio_while '(' condicion_while ')' bloque_ejecutables_while

  53  seleccion : inicio_if '(' condicion_if ')' THEN bloque_ejecutables_if_con_else ELSE bloque_ejecutables_else END_IF
  54            | inicio_if '(' condicion_if ')' THEN bloque_ejecutables_if_sin_else END_IF

  55  inicio_if : IF

  56  inicio_while : WHILE

  57  bloque_ejecutables_if_con_else : BEGIN sentencias_ejecutables END

  58  bloque_ejecutables_if_sin_else : BEGIN sentencias_ejecutables END

  59  bloque_ejecutables_else : BEGIN sentencias_ejecutables END

  60  bloque_ejecutables_while : BEGIN sentencias_ejecutables END

  61  condicion_if : expresion GREATER_EQUAL expresion
  62               | expresion LESS_EQUAL expresion
  63               | expresion NOT_EQUAL expresion
  64               | expresion '>' expresion
  65               | expresion '<' expresion
  66               | expresion '=' expresion

  67  condicion_while : expresion GREATER_EQUAL expresion
  68                  | expresion LESS_EQUAL expresion
  69                  | expresion NOT_EQUAL expresion
  70                  | expresion '>' expresion
  71                  | expresion '<' expresion
  72                  | expresion '=' expresion

  73  retorno : RETURN '(' expresion ')' ';'

state 0
	$accept : . programa $end  (0)

	ID  shift 1
	.  error

	programa  goto 2
	bloque  goto 3
	nombre_programa  goto 4


state 1
	nombre_programa : ID .  (3)

	.  reduce 3


state 2
	$accept : programa . $end  (0)

	$end  accept


state 3
	programa : bloque .  (1)

	.  reduce 1


state 4
	bloque : nombre_programa . BEGIN sentencias END  (2)

	BEGIN  shift 5
	.  error


state 5
	bloque : nombre_programa BEGIN . sentencias END  (2)

	error  shift 6
	ID  shift 7
	IF  shift 8
	PRINT  shift 9
	WHILE  shift 10
	INTEGER  shift 11
	ULONGINT  shift 12
	.  error

	sentencias  goto 13
	sentencia  goto 14
	sentencia_ejecutable  goto 15
	declaracion_funcion  goto 16
	declaracion_variables  goto 17
	asignacion  goto 18
	impresion  goto 19
	iteracion  goto 20
	seleccion  goto 21
	cabecera_funcion  goto 22
	cabecera_funcion_parametro  goto 23
	tipo  goto 24
	inicio_while  goto 25
	inicio_if  goto 26


state 6
	sentencia_ejecutable : error . ';'  (15)
	cabecera_funcion_parametro : error .  (19)

	';'  shift 27
	BEGIN  reduce 19


state 7
	asignacion : ID . ASIGNACION expresion ';'  (31)

	ASIGNACION  shift 28
	.  error


state 8
	inicio_if : IF .  (55)

	.  reduce 55


state 9
	impresion : PRINT . '(' STRING_CONST ')' ';'  (50)

	'('  shift 29
	.  error


state 10
	inicio_while : WHILE .  (56)

	.  reduce 56


state 11
	tipo : INTEGER .  (26)

	.  reduce 26


state 12
	tipo : ULONGINT .  (27)

	.  reduce 27


state 13
	bloque : nombre_programa BEGIN sentencias . END  (2)
	sentencias : sentencias . sentencia  (4)

	error  shift 6
	ID  shift 7
	IF  shift 8
	END  shift 30
	PRINT  shift 9
	WHILE  shift 10
	INTEGER  shift 11
	ULONGINT  shift 12
	.  error

	sentencia  goto 31
	sentencia_ejecutable  goto 15
	declaracion_funcion  goto 16
	declaracion_variables  goto 17
	asignacion  goto 18
	impresion  goto 19
	iteracion  goto 20
	seleccion  goto 21
	cabecera_funcion  goto 22
	cabecera_funcion_parametro  goto 23
	tipo  goto 24
	inicio_while  goto 25
	inicio_if  goto 26


state 14
	sentencias : sentencia .  (5)

	.  reduce 5


state 15
	sentencia : sentencia_ejecutable .  (9)

	.  reduce 9


state 16
	sentencia : declaracion_funcion .  (8)

	.  reduce 8


state 17
	sentencia_ejecutable : declaracion_variables .  (10)

	.  reduce 10


state 18
	sentencia_ejecutable : asignacion .  (11)

	.  reduce 11


state 19
	sentencia_ejecutable : impresion .  (12)

	.  reduce 12


state 20
	sentencia_ejecutable : iteracion .  (13)

	.  reduce 13


state 21
	sentencia_ejecutable : seleccion .  (14)

	.  reduce 14


state 22
	declaracion_funcion : cabecera_funcion . inicio_funcion cuerpo_funcion fin_funcion  (16)

	BEGIN  shift 32
	.  error

	inicio_funcion  goto 33


state 23
	declaracion_funcion : cabecera_funcion_parametro . inicio_funcion cuerpo_funcion fin_funcion  (17)

	BEGIN  shift 32
	.  error

	inicio_funcion  goto 34


state 24
	cabecera_funcion_parametro : tipo . token_fun ID '(' tipo ID ')'  (18)
	cabecera_funcion : tipo . token_fun ID '(' ')'  (20)
	declaracion_variables : tipo . variables ';'  (25)

	ID  shift 35
	FUN  shift 36
	.  error

	token_fun  goto 37
	variables  goto 38
	variable  goto 39


state 25
	iteracion : inicio_while . '(' condicion_while ')' DO bloque_ejecutables_while  (51)
	iteracion : inicio_while . '(' condicion_while ')' bloque_ejecutables_while  (52)

	'('  shift 40
	.  error


state 26
	seleccion : inicio_if . '(' condicion_if ')' THEN bloque_ejecutables_if_con_else ELSE bloque_ejecutables_else END_IF  (53)
	seleccion : inicio_if . '(' condicion_if ')' THEN bloque_ejecutables_if_sin_else END_IF  (54)

	'('  shift 41
	.  error


state 27
	sentencia_ejecutable : error ';' .  (15)

	.  reduce 15


state 28
	asignacion : ID ASIGNACION . expresion ';'  (31)

	ID  shift 42
	NUMERIC_CONST  shift 43
	ITOUL  shift 44
	'-'  shift 45
	.  error

	expresion  goto 46
	termino  goto 47
	factor  goto 48
	invocacion  goto 49


state 29
	impresion : PRINT '(' . STRING_CONST ')' ';'  (50)

	STRING_CONST  shift 50
	.  error


state 30
	bloque : nombre_programa BEGIN sentencias END .  (2)

	.  reduce 2


state 31
	sentencias : sentencias sentencia .  (4)

	.  reduce 4


state 32
	inicio_funcion : BEGIN .  (22)

	.  reduce 22


state 33
	declaracion_funcion : cabecera_funcion inicio_funcion . cuerpo_funcion fin_funcion  (16)

	error  shift 6
	ID  shift 7
	IF  shift 8
	PRINT  shift 9
	WHILE  shift 10
	INTEGER  shift 11
	ULONGINT  shift 12
	.  error

	sentencias  goto 51
	sentencia  goto 14
	sentencia_ejecutable  goto 15
	declaracion_funcion  goto 16
	declaracion_variables  goto 17
	asignacion  goto 18
	impresion  goto 19
	iteracion  goto 20
	seleccion  goto 21
	cabecera_funcion  goto 22
	cuerpo_funcion  goto 52
	cabecera_funcion_parametro  goto 23
	tipo  goto 24
	inicio_while  goto 25
	inicio_if  goto 26


state 34
	declaracion_funcion : cabecera_funcion_parametro inicio_funcion . cuerpo_funcion fin_funcion  (17)

	error  shift 6
	ID  shift 7
	IF  shift 8
	PRINT  shift 9
	WHILE  shift 10
	INTEGER  shift 11
	ULONGINT  shift 12
	.  error

	sentencias  goto 51
	sentencia  goto 14
	sentencia_ejecutable  goto 15
	declaracion_funcion  goto 16
	declaracion_variables  goto 17
	asignacion  goto 18
	impresion  goto 19
	iteracion  goto 20
	seleccion  goto 21
	cabecera_funcion  goto 22
	cuerpo_funcion  goto 53
	cabecera_funcion_parametro  goto 23
	tipo  goto 24
	inicio_while  goto 25
	inicio_if  goto 26


state 35
	variable : ID .  (30)

	.  reduce 30


state 36
	token_fun : FUN .  (21)

	.  reduce 21


state 37
	cabecera_funcion_parametro : tipo token_fun . ID '(' tipo ID ')'  (18)
	cabecera_funcion : tipo token_fun . ID '(' ')'  (20)

	ID  shift 54
	.  error


state 38
	declaracion_variables : tipo variables . ';'  (25)
	variables : variables . ',' variable  (28)

	';'  shift 55
	','  shift 56
	.  error


state 39
	variables : variable .  (29)

	.  reduce 29


state 40
	iteracion : inicio_while '(' . condicion_while ')' DO bloque_ejecutables_while  (51)
	iteracion : inicio_while '(' . condicion_while ')' bloque_ejecutables_while  (52)

	ID  shift 42
	NUMERIC_CONST  shift 43
	ITOUL  shift 44
	'-'  shift 45
	.  error

	expresion  goto 57
	termino  goto 47
	factor  goto 48
	invocacion  goto 49
	condicion_while  goto 58


state 41
	seleccion : inicio_if '(' . condicion_if ')' THEN bloque_ejecutables_if_con_else ELSE bloque_ejecutables_else END_IF  (53)
	seleccion : inicio_if '(' . condicion_if ')' THEN bloque_ejecutables_if_sin_else END_IF  (54)

	ID  shift 42
	NUMERIC_CONST  shift 43
	ITOUL  shift 44
	'-'  shift 45
	.  error

	expresion  goto 59
	termino  goto 47
	factor  goto 48
	invocacion  goto 49
	condicion_if  goto 60


state 42
	factor : ID .  (38)
	invocacion : ID . '(' parametros ')'  (43)
	invocacion : ID . '(' ')'  (44)

	'('  shift 61
	GREATER_EQUAL  reduce 38
	LESS_EQUAL  reduce 38
	NOT_EQUAL  reduce 38
	';'  reduce 38
	')'  reduce 38
	'+'  reduce 38
	'-'  reduce 38
	'*'  reduce 38
	'/'  reduce 38
	'>'  reduce 38
	'<'  reduce 38
	'='  reduce 38


state 43
	factor : NUMERIC_CONST .  (39)

	.  reduce 39


state 44
	factor : ITOUL . '(' expresion ')'  (42)

	'('  shift 62
	.  error


state 45
	factor : '-' . NUMERIC_CONST  (41)

	NUMERIC_CONST  shift 63
	.  error


state 46
	asignacion : ID ASIGNACION expresion . ';'  (31)
	expresion : expresion . '+' termino  (33)
	expresion : expresion . '-' termino  (34)

	';'  shift 64
	'+'  shift 65
	'-'  shift 66
	.  error


state 47
	expresion : termino .  (32)
	termino : termino . '*' factor  (36)
	termino : termino . '/' factor  (37)

	'*'  shift 67
	'/'  shift 68
	GREATER_EQUAL  reduce 32
	LESS_EQUAL  reduce 32
	NOT_EQUAL  reduce 32
	';'  reduce 32
	')'  reduce 32
	'+'  reduce 32
	'-'  reduce 32
	'>'  reduce 32
	'<'  reduce 32
	'='  reduce 32


state 48
	termino : factor .  (35)

	.  reduce 35


state 49
	factor : invocacion .  (40)

	.  reduce 40


state 50
	impresion : PRINT '(' STRING_CONST . ')' ';'  (50)

	')'  shift 69
	.  error


state 51
	sentencias : sentencias . sentencia  (4)
	cuerpo_funcion : sentencias . retorno  (23)

	error  shift 6
	ID  shift 7
	IF  shift 8
	PRINT  shift 9
	WHILE  shift 10
	RETURN  shift 70
	INTEGER  shift 11
	ULONGINT  shift 12
	.  error

	sentencia  goto 31
	sentencia_ejecutable  goto 15
	declaracion_funcion  goto 16
	declaracion_variables  goto 17
	asignacion  goto 18
	impresion  goto 19
	iteracion  goto 20
	seleccion  goto 21
	cabecera_funcion  goto 22
	cabecera_funcion_parametro  goto 23
	tipo  goto 24
	retorno  goto 71
	inicio_while  goto 25
	inicio_if  goto 26


state 52
	declaracion_funcion : cabecera_funcion inicio_funcion cuerpo_funcion . fin_funcion  (16)

	END  shift 72
	.  error

	fin_funcion  goto 73


state 53
	declaracion_funcion : cabecera_funcion_parametro inicio_funcion cuerpo_funcion . fin_funcion  (17)

	END  shift 72
	.  error

	fin_funcion  goto 74


state 54
	cabecera_funcion_parametro : tipo token_fun ID . '(' tipo ID ')'  (18)
	cabecera_funcion : tipo token_fun ID . '(' ')'  (20)

	'('  shift 75
	.  error


state 55
	declaracion_variables : tipo variables ';' .  (25)

	.  reduce 25


state 56
	variables : variables ',' . variable  (28)

	ID  shift 35
	.  error

	variable  goto 76


state 57
	expresion : expresion . '+' termino  (33)
	expresion : expresion . '-' termino  (34)
	condicion_while : expresion . GREATER_EQUAL expresion  (67)
	condicion_while : expresion . LESS_EQUAL expresion  (68)
	condicion_while : expresion . NOT_EQUAL expresion  (69)
	condicion_while : expresion . '>' expresion  (70)
	condicion_while : expresion . '<' expresion  (71)
	condicion_while : expresion . '=' expresion  (72)

	GREATER_EQUAL  shift 77
	LESS_EQUAL  shift 78
	NOT_EQUAL  shift 79
	'+'  shift 65
	'-'  shift 66
	'>'  shift 80
	'<'  shift 81
	'='  shift 82
	.  error


state 58
	iteracion : inicio_while '(' condicion_while . ')' DO bloque_ejecutables_while  (51)
	iteracion : inicio_while '(' condicion_while . ')' bloque_ejecutables_while  (52)

	')'  shift 83
	.  error


state 59
	expresion : expresion . '+' termino  (33)
	expresion : expresion . '-' termino  (34)
	condicion_if : expresion . GREATER_EQUAL expresion  (61)
	condicion_if : expresion . LESS_EQUAL expresion  (62)
	condicion_if : expresion . NOT_EQUAL expresion  (63)
	condicion_if : expresion . '>' expresion  (64)
	condicion_if : expresion . '<' expresion  (65)
	condicion_if : expresion . '=' expresion  (66)

	GREATER_EQUAL  shift 84
	LESS_EQUAL  shift 85
	NOT_EQUAL  shift 86
	'+'  shift 65
	'-'  shift 66
	'>'  shift 87
	'<'  shift 88
	'='  shift 89
	.  error


state 60
	seleccion : inicio_if '(' condicion_if . ')' THEN bloque_ejecutables_if_con_else ELSE bloque_ejecutables_else END_IF  (53)
	seleccion : inicio_if '(' condicion_if . ')' THEN bloque_ejecutables_if_sin_else END_IF  (54)

	')'  shift 90
	.  error


state 61
	invocacion : ID '(' . parametros ')'  (43)
	invocacion : ID '(' . ')'  (44)

	ID  shift 91
	NUMERIC_CONST  shift 92
	')'  shift 93
	'-'  shift 94
	.  error

	parametros  goto 95
	parametro  goto 96


state 62
	factor : ITOUL '(' . expresion ')'  (42)

	ID  shift 42
	NUMERIC_CONST  shift 43
	ITOUL  shift 44
	'-'  shift 45
	.  error

	expresion  goto 97
	termino  goto 47
	factor  goto 48
	invocacion  goto 49


state 63
	factor : '-' NUMERIC_CONST .  (41)

	.  reduce 41


state 64
	asignacion : ID ASIGNACION expresion ';' .  (31)

	.  reduce 31


state 65
	expresion : expresion '+' . termino  (33)

	ID  shift 42
	NUMERIC_CONST  shift 43
	ITOUL  shift 44
	'-'  shift 45
	.  error

	termino  goto 98
	factor  goto 48
	invocacion  goto 49


state 66
	expresion : expresion '-' . termino  (34)

	ID  shift 42
	NUMERIC_CONST  shift 43
	ITOUL  shift 44
	'-'  shift 45
	.  error

	termino  goto 99
	factor  goto 48
	invocacion  goto 49


state 67
	termino : termino '*' . factor  (36)

	ID  shift 42
	NUMERIC_CONST  shift 43
	ITOUL  shift 44
	'-'  shift 45
	.  error

	factor  goto 100
	invocacion  goto 49


state 68
	termino : termino '/' . factor  (37)

	ID  shift 42
	NUMERIC_CONST  shift 43
	ITOUL  shift 44
	'-'  shift 45
	.  error

	factor  goto 101
	invocacion  goto 49


state 69
	impresion : PRINT '(' STRING_CONST ')' . ';'  (50)

	';'  shift 102
	.  error


state 70
	retorno : RETURN . '(' expresion ')' ';'  (73)

	'('  shift 103
	.  error


state 71
	cuerpo_funcion : sentencias retorno .  (23)

	.  reduce 23


state 72
	fin_funcion : END .  (24)

	.  reduce 24


state 73
	declaracion_funcion : cabecera_funcion inicio_funcion cuerpo_funcion fin_funcion .  (16)

	.  reduce 16


state 74
	declaracion_funcion : cabecera_funcion_parametro inicio_funcion cuerpo_funcion fin_funcion .  (17)

	.  reduce 17


state 75
	cabecera_funcion_parametro : tipo token_fun ID '(' . tipo ID ')'  (18)
	cabecera_funcion : tipo token_fun ID '(' . ')'  (20)

	INTEGER  shift 11
	ULONGINT  shift 12
	')'  shift 104
	.  error

	tipo  goto 105


state 76
	variables : variables ',' variable .  (28)

	.  reduce 28


state 77
	condicion_while : expresion GREATER_EQUAL . expresion  (67)

	ID  shift 42
	NUMERIC_CONST  shift 43
	ITOUL  shift 44
	'-'  shift 45
	.  error

	expresion  goto 106
	termino  goto 47
	factor  goto 48
	invocacion  goto 49


state 78
	condicion_while : expresion LESS_EQUAL . expresion  (68)

	ID  shift 42
	NUMERIC_CONST  shift 43
	ITOUL  shift 44
	'-'  shift 45
	.  error

	expresion  goto 107
	termino  goto 47
	factor  goto 48
	invocacion  goto 49


state 79
	condicion_while : expresion NOT_EQUAL . expresion  (69)

	ID  shift 42
	NUMERIC_CONST  shift 43
	ITOUL  shift 44
	'-'  shift 45
	.  error

	expresion  goto 108
	termino  goto 47
	factor  goto 48
	invocacion  goto 49


state 80
	condicion_while : expresion '>' . expresion  (70)

	ID  shift 42
	NUMERIC_CONST  shift 43
	ITOUL  shift 44
	'-'  shift 45
	.  error

	expresion  goto 109
	termino  goto 47
	factor  goto 48
	invocacion  goto 49


state 81
	condicion_while : expresion '<' . expresion  (71)

	ID  shift 42
	NUMERIC_CONST  shift 43
	ITOUL  shift 44
	'-'  shift 45
	.  error

	expresion  goto 110
	termino  goto 47
	factor  goto 48
	invocacion  goto 49


state 82
	condicion_while : expresion '=' . expresion  (72)

	ID  shift 42
	NUMERIC_CONST  shift 43
	ITOUL  shift 44
	'-'  shift 45
	.  error

	expresion  goto 111
	termino  goto 47
	factor  goto 48
	invocacion  goto 49


state 83
	iteracion : inicio_while '(' condicion_while ')' . DO bloque_ejecutables_while  (51)
	iteracion : inicio_while '(' condicion_while ')' . bloque_ejecutables_while  (52)

	BEGIN  shift 112
	DO  shift 113
	.  error

	bloque_ejecutables_while  goto 114


state 84
	condicion_if : expresion GREATER_EQUAL . expresion  (61)

	ID  shift 42
	NUMERIC_CONST  shift 43
	ITOUL  shift 44
	'-'  shift 45
	.  error

	expresion  goto 115
	termino  goto 47
	factor  goto 48
	invocacion  goto 49


state 85
	condicion_if : expresion LESS_EQUAL . expresion  (62)

	ID  shift 42
	NUMERIC_CONST  shift 43
	ITOUL  shift 44
	'-'  shift 45
	.  error

	expresion  goto 116
	termino  goto 47
	factor  goto 48
	invocacion  goto 49


state 86
	condicion_if : expresion NOT_EQUAL . expresion  (63)

	ID  shift 42
	NUMERIC_CONST  shift 43
	ITOUL  shift 44
	'-'  shift 45
	.  error

	expresion  goto 117
	termino  goto 47
	factor  goto 48
	invocacion  goto 49


state 87
	condicion_if : expresion '>' . expresion  (64)

	ID  shift 42
	NUMERIC_CONST  shift 43
	ITOUL  shift 44
	'-'  shift 45
	.  error

	expresion  goto 118
	termino  goto 47
	factor  goto 48
	invocacion  goto 49


state 88
	condicion_if : expresion '<' . expresion  (65)

	ID  shift 42
	NUMERIC_CONST  shift 43
	ITOUL  shift 44
	'-'  shift 45
	.  error

	expresion  goto 119
	termino  goto 47
	factor  goto 48
	invocacion  goto 49


state 89
	condicion_if : expresion '=' . expresion  (66)

	ID  shift 42
	NUMERIC_CONST  shift 43
	ITOUL  shift 44
	'-'  shift 45
	.  error

	expresion  goto 120
	termino  goto 47
	factor  goto 48
	invocacion  goto 49


state 90
	seleccion : inicio_if '(' condicion_if ')' . THEN bloque_ejecutables_if_con_else ELSE bloque_ejecutables_else END_IF  (53)
	seleccion : inicio_if '(' condicion_if ')' . THEN bloque_ejecutables_if_sin_else END_IF  (54)

	THEN  shift 121
	.  error


state 91
	parametro : ID .  (47)

	.  reduce 47


state 92
	parametro : NUMERIC_CONST .  (48)

	.  reduce 48


state 93
	invocacion : ID '(' ')' .  (44)

	.  reduce 44


state 94
	parametro : '-' . NUMERIC_CONST  (49)

	NUMERIC_CONST  shift 122
	.  error


state 95
	invocacion : ID '(' parametros . ')'  (43)
	parametros : parametros . ',' parametro  (45)

	')'  shift 123
	','  shift 124
	.  error


state 96
	parametros : parametro .  (46)

	.  reduce 46


state 97
	expresion : expresion . '+' termino  (33)
	expresion : expresion . '-' termino  (34)
	factor : ITOUL '(' expresion . ')'  (42)

	')'  shift 125
	'+'  shift 65
	'-'  shift 66
	.  error


state 98
	expresion : expresion '+' termino .  (33)
	termino : termino . '*' factor  (36)
	termino : termino . '/' factor  (37)

	'*'  shift 67
	'/'  shift 68
	GREATER_EQUAL  reduce 33
	LESS_EQUAL  reduce 33
	NOT_EQUAL  reduce 33
	';'  reduce 33
	')'  reduce 33
	'+'  reduce 33
	'-'  reduce 33
	'>'  reduce 33
	'<'  reduce 33
	'='  reduce 33


state 99
	expresion : expresion '-' termino .  (34)
	termino : termino . '*' factor  (36)
	termino : termino . '/' factor  (37)

	'*'  shift 67
	'/'  shift 68
	GREATER_EQUAL  reduce 34
	LESS_EQUAL  reduce 34
	NOT_EQUAL  reduce 34
	';'  reduce 34
	')'  reduce 34
	'+'  reduce 34
	'-'  reduce 34
	'>'  reduce 34
	'<'  reduce 34
	'='  reduce 34


state 100
	termino : termino '*' factor .  (36)

	.  reduce 36


state 101
	termino : termino '/' factor .  (37)

	.  reduce 37


state 102
	impresion : PRINT '(' STRING_CONST ')' ';' .  (50)

	.  reduce 50


state 103
	retorno : RETURN '(' . expresion ')' ';'  (73)

	ID  shift 42
	NUMERIC_CONST  shift 43
	ITOUL  shift 44
	'-'  shift 45
	.  error

	expresion  goto 126
	termino  goto 47
	factor  goto 48
	invocacion  goto 49


state 104
	cabecera_funcion : tipo token_fun ID '(' ')' .  (20)

	.  reduce 20


state 105
	cabecera_funcion_parametro : tipo token_fun ID '(' tipo . ID ')'  (18)

	ID  shift 127
	.  error


state 106
	expresion : expresion . '+' termino  (33)
	expresion : expresion . '-' termino  (34)
	condicion_while : expresion GREATER_EQUAL expresion .  (67)

	'+'  shift 65
	'-'  shift 66
	')'  reduce 67


state 107
	expresion : expresion . '+' termino  (33)
	expresion : expresion . '-' termino  (34)
	condicion_while : expresion LESS_EQUAL expresion .  (68)

	'+'  shift 65
	'-'  shift 66
	')'  reduce 68


state 108
	expresion : expresion . '+' termino  (33)
	expresion : expresion . '-' termino  (34)
	condicion_while : expresion NOT_EQUAL expresion .  (69)

	'+'  shift 65
	'-'  shift 66
	')'  reduce 69


state 109
	expresion : expresion . '+' termino  (33)
	expresion : expresion . '-' termino  (34)
	condicion_while : expresion '>' expresion .  (70)

	'+'  shift 65
	'-'  shift 66
	')'  reduce 70


state 110
	expresion : expresion . '+' termino  (33)
	expresion : expresion . '-' termino  (34)
	condicion_while : expresion '<' expresion .  (71)

	'+'  shift 65
	'-'  shift 66
	')'  reduce 71


state 111
	expresion : expresion . '+' termino  (33)
	expresion : expresion . '-' termino  (34)
	condicion_while : expresion '=' expresion .  (72)

	'+'  shift 65
	'-'  shift 66
	')'  reduce 72


state 112
	bloque_ejecutables_while : BEGIN . sentencias_ejecutables END  (60)

	error  shift 128
	ID  shift 7
	IF  shift 8
	PRINT  shift 9
	WHILE  shift 10
	INTEGER  shift 11
	ULONGINT  shift 12
	.  error

	sentencias_ejecutables  goto 129
	sentencia_ejecutable  goto 130
	declaracion_variables  goto 17
	asignacion  goto 18
	impresion  goto 19
	iteracion  goto 20
	seleccion  goto 21
	tipo  goto 131
	inicio_while  goto 25
	inicio_if  goto 26


state 113
	iteracion : inicio_while '(' condicion_while ')' DO . bloque_ejecutables_while  (51)

	BEGIN  shift 112
	.  error

	bloque_ejecutables_while  goto 132


state 114
	iteracion : inicio_while '(' condicion_while ')' bloque_ejecutables_while .  (52)

	.  reduce 52


state 115
	expresion : expresion . '+' termino  (33)
	expresion : expresion . '-' termino  (34)
	condicion_if : expresion GREATER_EQUAL expresion .  (61)

	'+'  shift 65
	'-'  shift 66
	')'  reduce 61


state 116
	expresion : expresion . '+' termino  (33)
	expresion : expresion . '-' termino  (34)
	condicion_if : expresion LESS_EQUAL expresion .  (62)

	'+'  shift 65
	'-'  shift 66
	')'  reduce 62


state 117
	expresion : expresion . '+' termino  (33)
	expresion : expresion . '-' termino  (34)
	condicion_if : expresion NOT_EQUAL expresion .  (63)

	'+'  shift 65
	'-'  shift 66
	')'  reduce 63


state 118
	expresion : expresion . '+' termino  (33)
	expresion : expresion . '-' termino  (34)
	condicion_if : expresion '>' expresion .  (64)

	'+'  shift 65
	'-'  shift 66
	')'  reduce 64


state 119
	expresion : expresion . '+' termino  (33)
	expresion : expresion . '-' termino  (34)
	condicion_if : expresion '<' expresion .  (65)

	'+'  shift 65
	'-'  shift 66
	')'  reduce 65


state 120
	expresion : expresion . '+' termino  (33)
	expresion : expresion . '-' termino  (34)
	condicion_if : expresion '=' expresion .  (66)

	'+'  shift 65
	'-'  shift 66
	')'  reduce 66


state 121
	seleccion : inicio_if '(' condicion_if ')' THEN . bloque_ejecutables_if_con_else ELSE bloque_ejecutables_else END_IF  (53)
	seleccion : inicio_if '(' condicion_if ')' THEN . bloque_ejecutables_if_sin_else END_IF  (54)

	BEGIN  shift 133
	.  error

	bloque_ejecutables_if_con_else  goto 134
	bloque_ejecutables_if_sin_else  goto 135


state 122
	parametro : '-' NUMERIC_CONST .  (49)

	.  reduce 49


state 123
	invocacion : ID '(' parametros ')' .  (43)

	.  reduce 43


state 124
	parametros : parametros ',' . parametro  (45)

	ID  shift 91
	NUMERIC_CONST  shift 92
	'-'  shift 94
	.  error

	parametro  goto 136


state 125
	factor : ITOUL '(' expresion ')' .  (42)

	.  reduce 42


state 126
	expresion : expresion . '+' termino  (33)
	expresion : expresion . '-' termino  (34)
	retorno : RETURN '(' expresion . ')' ';'  (73)

	')'  shift 137
	'+'  shift 65
	'-'  shift 66
	.  error


state 127
	cabecera_funcion_parametro : tipo token_fun ID '(' tipo ID . ')'  (18)

	')'  shift 138
	.  error


state 128
	sentencia_ejecutable : error . ';'  (15)

	';'  shift 27
	.  error


state 129
	sentencias_ejecutables : sentencias_ejecutables . sentencia_ejecutable  (6)
	bloque_ejecutables_while : BEGIN sentencias_ejecutables . END  (60)

	error  shift 128
	ID  shift 7
	IF  shift 8
	END  shift 139
	PRINT  shift 9
	WHILE  shift 10
	INTEGER  shift 11
	ULONGINT  shift 12
	.  error

	sentencia_ejecutable  goto 140
	declaracion_variables  goto 17
	asignacion  goto 18
	impresion  goto 19
	iteracion  goto 20
	seleccion  goto 21
	tipo  goto 131
	inicio_while  goto 25
	inicio_if  goto 26


state 130
	sentencias_ejecutables : sentencia_ejecutable .  (7)

	.  reduce 7


state 131
	declaracion_variables : tipo . variables ';'  (25)

	ID  shift 35
	.  error

	variables  goto 38
	variable  goto 39


state 132
	iteracion : inicio_while '(' condicion_while ')' DO bloque_ejecutables_while .  (51)

	.  reduce 51


state 133
	bloque_ejecutables_if_con_else : BEGIN . sentencias_ejecutables END  (57)
	bloque_ejecutables_if_sin_else : BEGIN . sentencias_ejecutables END  (58)

	error  shift 128
	ID  shift 7
	IF  shift 8
	PRINT  shift 9
	WHILE  shift 10
	INTEGER  shift 11
	ULONGINT  shift 12
	.  error

	sentencias_ejecutables  goto 141
	sentencia_ejecutable  goto 130
	declaracion_variables  goto 17
	asignacion  goto 18
	impresion  goto 19
	iteracion  goto 20
	seleccion  goto 21
	tipo  goto 131
	inicio_while  goto 25
	inicio_if  goto 26


state 134
	seleccion : inicio_if '(' condicion_if ')' THEN bloque_ejecutables_if_con_else . ELSE bloque_ejecutables_else END_IF  (53)

	ELSE  shift 142
	.  error


state 135
	seleccion : inicio_if '(' condicion_if ')' THEN bloque_ejecutables_if_sin_else . END_IF  (54)

	END_IF  shift 143
	.  error


state 136
	parametros : parametros ',' parametro .  (45)

	.  reduce 45


state 137
	retorno : RETURN '(' expresion ')' . ';'  (73)

	';'  shift 144
	.  error


state 138
	cabecera_funcion_parametro : tipo token_fun ID '(' tipo ID ')' .  (18)

	.  reduce 18


state 139
	bloque_ejecutables_while : BEGIN sentencias_ejecutables END .  (60)

	.  reduce 60


state 140
	sentencias_ejecutables : sentencias_ejecutables sentencia_ejecutable .  (6)

	.  reduce 6


state 141
	sentencias_ejecutables : sentencias_ejecutables . sentencia_ejecutable  (6)
	bloque_ejecutables_if_con_else : BEGIN sentencias_ejecutables . END  (57)
	bloque_ejecutables_if_sin_else : BEGIN sentencias_ejecutables . END  (58)

	error  shift 128
	ID  shift 7
	IF  shift 8
	END  shift 145
	PRINT  shift 9
	WHILE  shift 10
	INTEGER  shift 11
	ULONGINT  shift 12
	.  error

	sentencia_ejecutable  goto 140
	declaracion_variables  goto 17
	asignacion  goto 18
	impresion  goto 19
	iteracion  goto 20
	seleccion  goto 21
	tipo  goto 131
	inicio_while  goto 25
	inicio_if  goto 26


state 142
	seleccion : inicio_if '(' condicion_if ')' THEN bloque_ejecutables_if_con_else ELSE . bloque_ejecutables_else END_IF  (53)

	BEGIN  shift 146
	.  error

	bloque_ejecutables_else  goto 147


state 143
	seleccion : inicio_if '(' condicion_if ')' THEN bloque_ejecutables_if_sin_else END_IF .  (54)

	.  reduce 54


state 144
	retorno : RETURN '(' expresion ')' ';' .  (73)

	.  reduce 73


state 145
	bloque_ejecutables_if_con_else : BEGIN sentencias_ejecutables END .  (57)
	bloque_ejecutables_if_sin_else : BEGIN sentencias_ejecutables END .  (58)

	ELSE  reduce 57
	END_IF  reduce 58


state 146
	bloque_ejecutables_else : BEGIN . sentencias_ejecutables END  (59)

	error  shift 128
	ID  shift 7
	IF  shift 8
	PRINT  shift 9
	WHILE  shift 10
	INTEGER  shift 11
	ULONGINT  shift 12
	.  error

	sentencias_ejecutables  goto 148
	sentencia_ejecutable  goto 130
	declaracion_variables  goto 17
	asignacion  goto 18
	impresion  goto 19
	iteracion  goto 20
	seleccion  goto 21
	tipo  goto 131
	inicio_while  goto 25
	inicio_if  goto 26


state 147
	seleccion : inicio_if '(' condicion_if ')' THEN bloque_ejecutables_if_con_else ELSE bloque_ejecutables_else . END_IF  (53)

	END_IF  shift 149
	.  error


state 148
	sentencias_ejecutables : sentencias_ejecutables . sentencia_ejecutable  (6)
	bloque_ejecutables_else : BEGIN sentencias_ejecutables . END  (59)

	error  shift 128
	ID  shift 7
	IF  shift 8
	END  shift 150
	PRINT  shift 9
	WHILE  shift 10
	INTEGER  shift 11
	ULONGINT  shift 12
	.  error

	sentencia_ejecutable  goto 140
	declaracion_variables  goto 17
	asignacion  goto 18
	impresion  goto 19
	iteracion  goto 20
	seleccion  goto 21
	tipo  goto 131
	inicio_while  goto 25
	inicio_if  goto 26


state 149
	seleccion : inicio_if '(' condicion_if ')' THEN bloque_ejecutables_if_con_else ELSE bloque_ejecutables_else END_IF .  (53)

	.  reduce 53


state 150
	bloque_ejecutables_else : BEGIN sentencias_ejecutables END .  (59)

	.  reduce 59


34 terminals, 38 nonterminals
74 grammar rules, 151 states
